<?xml version="1.0" encoding="UTF-8"?>
<testng-results skipped="1" failed="1" total="5" passed="3">
  <reporter-output>
  </reporter-output>
  <suite name="Default suite" duration-ms="4175" started-at="2015-12-18T01:48:33Z" finished-at="2015-12-18T01:48:37Z">
    <groups>
    </groups>
    <test name="Default test" duration-ms="4175" started-at="2015-12-18T01:48:33Z" finished-at="2015-12-18T01:48:37Z">
      <class name="firsttestngpackage.FirstTestNGFile">
        <test-method status="PASS" signature="launchBrowser()[pri:0, instance:firsttestngpackage.FirstTestNGFile@23e84203]" name="launchBrowser" is-config="true" duration-ms="580" started-at="2015-12-17T17:48:33Z" finished-at="2015-12-17T17:48:33Z">
          <reporter-output>
          </reporter-output>
        </test-method> <!-- launchBrowser -->
        <test-method status="PASS" signature="verifyHomepageTitle()[pri:0, instance:firsttestngpackage.FirstTestNGFile@23e84203]" name="verifyHomepageTitle" is-config="true" duration-ms="17" started-at="2015-12-17T17:48:33Z" finished-at="2015-12-17T17:48:33Z">
          <reporter-output>
          </reporter-output>
        </test-method> <!-- verifyHomepageTitle -->
        <test-method status="PASS" signature="register()[pri:0, instance:firsttestngpackage.FirstTestNGFile@23e84203]" name="register" duration-ms="510" started-at="2015-12-17T17:48:33Z" finished-at="2015-12-17T17:48:34Z">
          <reporter-output>
          </reporter-output>
        </test-method> <!-- register -->
        <test-method status="PASS" signature="backtoHomepage()[pri:0, instance:firsttestngpackage.FirstTestNGFile@23e84203]" name="backtoHomepage" is-config="true" duration-ms="335" started-at="2015-12-17T17:48:34Z" finished-at="2015-12-17T17:48:34Z">
          <reporter-output>
          </reporter-output>
        </test-method> <!-- backtoHomepage -->
        <test-method status="PASS" signature="verifyHomepageTitle()[pri:0, instance:firsttestngpackage.FirstTestNGFile@23e84203]" name="verifyHomepageTitle" is-config="true" duration-ms="18" started-at="2015-12-17T17:48:34Z" finished-at="2015-12-17T17:48:34Z">
          <reporter-output>
          </reporter-output>
        </test-method> <!-- verifyHomepageTitle -->
        <test-method status="PASS" signature="support()[pri:0, instance:firsttestngpackage.FirstTestNGFile@23e84203]" name="support" duration-ms="386" started-at="2015-12-17T17:48:34Z" finished-at="2015-12-17T17:48:35Z">
          <reporter-output>
          </reporter-output>
        </test-method> <!-- support -->
        <test-method status="PASS" signature="backtoHomepage()[pri:0, instance:firsttestngpackage.FirstTestNGFile@23e84203]" name="backtoHomepage" is-config="true" duration-ms="331" started-at="2015-12-17T17:48:35Z" finished-at="2015-12-17T17:48:35Z">
          <reporter-output>
          </reporter-output>
        </test-method> <!-- backtoHomepage -->
        <test-method status="PASS" signature="verifyHomepageTitle()[pri:0, instance:firsttestngpackage.FirstTestNGFile@23e84203]" name="verifyHomepageTitle" is-config="true" duration-ms="16" started-at="2015-12-17T17:48:35Z" finished-at="2015-12-17T17:48:35Z">
          <reporter-output>
          </reporter-output>
        </test-method> <!-- verifyHomepageTitle -->
        <test-method status="SKIP" signature="skip()[pri:100, instance:firsttestngpackage.FirstTestNGFile@23e84203]" name="skip" duration-ms="1" started-at="2015-12-17T17:48:35Z" finished-at="2015-12-17T17:48:35Z">
          <exception class="org.testng.SkipException">
            <message>
              <![CDATA[skipping f test]]>
            </message>
            <full-stacktrace>
              <![CDATA[org.testng.SkipException: skipping f test
	at firsttestngpackage.FirstTestNGFile.skip(FirstTestNGFile.java:48)
	at sun.reflect.NativeMethodAccessorImpl.invoke0(Native Method)
	at sun.reflect.NativeMethodAccessorImpl.invoke(Unknown Source)
	at sun.reflect.DelegatingMethodAccessorImpl.invoke(Unknown Source)
	at java.lang.reflect.Method.invoke(Unknown Source)
	at org.testng.internal.MethodInvocationHelper.invokeMethod(MethodInvocationHelper.java:86)
	at org.testng.internal.Invoker.invokeMethod(Invoker.java:643)
	at org.testng.internal.Invoker.invokeTestMethod(Invoker.java:820)
	at org.testng.internal.Invoker.invokeTestMethods(Invoker.java:1128)
	at org.testng.internal.TestMethodWorker.invokeTestMethods(TestMethodWorker.java:129)
	at org.testng.internal.TestMethodWorker.run(TestMethodWorker.java:112)
	at org.testng.TestRunner.privateRun(TestRunner.java:782)
	at org.testng.TestRunner.run(TestRunner.java:632)
	at org.testng.SuiteRunner.runTest(SuiteRunner.java:366)
	at org.testng.SuiteRunner.runSequentially(SuiteRunner.java:361)
	at org.testng.SuiteRunner.privateRun(SuiteRunner.java:319)
	at org.testng.SuiteRunner.run(SuiteRunner.java:268)
	at org.testng.SuiteRunnerWorker.runSuite(SuiteRunnerWorker.java:52)
	at org.testng.SuiteRunnerWorker.run(SuiteRunnerWorker.java:86)
	at org.testng.TestNG.runSuitesSequentially(TestNG.java:1244)
	at org.testng.TestNG.runSuitesLocally(TestNG.java:1169)
	at org.testng.TestNG.run(TestNG.java:1064)
	at org.testng.remote.RemoteTestNG.run(RemoteTestNG.java:113)
	at org.testng.remote.RemoteTestNG.initAndRun(RemoteTestNG.java:206)
	at org.testng.remote.RemoteTestNG.main(RemoteTestNG.java:177)
]]>
            </full-stacktrace>
          </exception> <!-- org.testng.SkipException -->
          <reporter-output>
          </reporter-output>
        </test-method> <!-- skip -->
        <test-method status="PASS" signature="backtoHomepage()[pri:0, instance:firsttestngpackage.FirstTestNGFile@23e84203]" name="backtoHomepage" is-config="true" duration-ms="339" started-at="2015-12-17T17:48:35Z" finished-at="2015-12-17T17:48:35Z">
          <reporter-output>
          </reporter-output>
        </test-method> <!-- backtoHomepage -->
        <test-method status="PASS" signature="verifyHomepageTitle()[pri:0, instance:firsttestngpackage.FirstTestNGFile@23e84203]" name="verifyHomepageTitle" is-config="true" duration-ms="14" started-at="2015-12-17T17:48:35Z" finished-at="2015-12-17T17:48:35Z">
          <reporter-output>
          </reporter-output>
        </test-method> <!-- verifyHomepageTitle -->
        <test-method status="PASS" signature="pass()[pri:110, instance:firsttestngpackage.FirstTestNGFile@23e84203]" name="pass" duration-ms="0" started-at="2015-12-17T17:48:35Z" finished-at="2015-12-17T17:48:35Z">
          <reporter-output>
          </reporter-output>
        </test-method> <!-- pass -->
        <test-method status="PASS" signature="backtoHomepage()[pri:0, instance:firsttestngpackage.FirstTestNGFile@23e84203]" name="backtoHomepage" is-config="true" duration-ms="327" started-at="2015-12-17T17:48:35Z" finished-at="2015-12-17T17:48:36Z">
          <reporter-output>
          </reporter-output>
        </test-method> <!-- backtoHomepage -->
        <test-method status="PASS" signature="verifyHomepageTitle()[pri:0, instance:firsttestngpackage.FirstTestNGFile@23e84203]" name="verifyHomepageTitle" is-config="true" duration-ms="14" started-at="2015-12-17T17:48:36Z" finished-at="2015-12-17T17:48:36Z">
          <reporter-output>
          </reporter-output>
        </test-method> <!-- verifyHomepageTitle -->
        <test-method status="FAIL" signature="fail()[pri:120, instance:firsttestngpackage.FirstTestNGFile@23e84203]" name="fail" duration-ms="0" started-at="2015-12-17T17:48:36Z" finished-at="2015-12-17T17:48:36Z">
          <exception class="java.lang.AssertionError">
            <message>
              <![CDATA[failed on purpose]]>
            </message>
            <full-stacktrace>
              <![CDATA[java.lang.AssertionError: failed on purpose
	at org.testng.Assert.fail(Assert.java:94)
	at firsttestngpackage.FirstTestNGFile.fail(FirstTestNGFile.java:59)
	at sun.reflect.NativeMethodAccessorImpl.invoke0(Native Method)
	at sun.reflect.NativeMethodAccessorImpl.invoke(Unknown Source)
	at sun.reflect.DelegatingMethodAccessorImpl.invoke(Unknown Source)
	at java.lang.reflect.Method.invoke(Unknown Source)
	at org.testng.internal.MethodInvocationHelper.invokeMethod(MethodInvocationHelper.java:86)
	at org.testng.internal.Invoker.invokeMethod(Invoker.java:643)
	at org.testng.internal.Invoker.invokeTestMethod(Invoker.java:820)
	at org.testng.internal.Invoker.invokeTestMethods(Invoker.java:1128)
	at org.testng.internal.TestMethodWorker.invokeTestMethods(TestMethodWorker.java:129)
	at org.testng.internal.TestMethodWorker.run(TestMethodWorker.java:112)
	at org.testng.TestRunner.privateRun(TestRunner.java:782)
	at org.testng.TestRunner.run(TestRunner.java:632)
	at org.testng.SuiteRunner.runTest(SuiteRunner.java:366)
	at org.testng.SuiteRunner.runSequentially(SuiteRunner.java:361)
	at org.testng.SuiteRunner.privateRun(SuiteRunner.java:319)
	at org.testng.SuiteRunner.run(SuiteRunner.java:268)
	at org.testng.SuiteRunnerWorker.runSuite(SuiteRunnerWorker.java:52)
	at org.testng.SuiteRunnerWorker.run(SuiteRunnerWorker.java:86)
	at org.testng.TestNG.runSuitesSequentially(TestNG.java:1244)
	at org.testng.TestNG.runSuitesLocally(TestNG.java:1169)
	at org.testng.TestNG.run(TestNG.java:1064)
	at org.testng.remote.RemoteTestNG.run(RemoteTestNG.java:113)
	at org.testng.remote.RemoteTestNG.initAndRun(RemoteTestNG.java:206)
	at org.testng.remote.RemoteTestNG.main(RemoteTestNG.java:177)
]]>
            </full-stacktrace>
          </exception> <!-- java.lang.AssertionError -->
          <reporter-output>
          </reporter-output>
        </test-method> <!-- fail -->
        <test-method status="PASS" signature="backtoHomepage()[pri:0, instance:firsttestngpackage.FirstTestNGFile@23e84203]" name="backtoHomepage" is-config="true" duration-ms="296" started-at="2015-12-17T17:48:36Z" finished-at="2015-12-17T17:48:36Z">
          <reporter-output>
          </reporter-output>
        </test-method> <!-- backtoHomepage -->
        <test-method status="PASS" signature="killBrowser()[pri:0, instance:firsttestngpackage.FirstTestNGFile@23e84203]" name="killBrowser" is-config="true" duration-ms="966" started-at="2015-12-17T17:48:36Z" finished-at="2015-12-17T17:48:37Z">
          <reporter-output>
          </reporter-output>
        </test-method> <!-- killBrowser -->
      </class> <!-- firsttestngpackage.FirstTestNGFile -->
    </test> <!-- Default test -->
  </suite> <!-- Default suite -->
</testng-results>
